digraph Tree {
node [shape=box, style="filled, rounded", color="black", fontname=helvetica] ;
edge [fontname=helvetica] ;
0 [label="BackUpHours <= 1.5\nmse = 0.011\nsamples = 7870\nvalue = 0.061", fillcolor="#e581390f"] ;
1 [label="WFID <= 3.5\nmse = 0.002\nsamples = 6166\nvalue = 0.03", fillcolor="#e5813907"] ;
0 -> 1 [labeldistance=2.5, labelangle=45, headlabel="True"] ;
2 [label="WFID <= 0.5\nmse = 0.001\nsamples = 5274\nvalue = 0.017", fillcolor="#e5813904"] ;
1 -> 2 ;
3 [label="Day <= 5.0\nmse = 0.001\nsamples = 918\nvalue = 0.074", fillcolor="#e5813913"] ;
2 -> 3 ;
4 [label="mse = 0.001\nsamples = 736\nvalue = 0.067", fillcolor="#e5813911"] ;
3 -> 4 ;
5 [label="mse = 0.001\nsamples = 182\nvalue = 0.102", fillcolor="#e581391a"] ;
3 -> 5 ;
6 [label="Day <= 4.5\nmse = 0.0\nsamples = 4356\nvalue = 0.005", fillcolor="#e5813901"] ;
2 -> 6 ;
7 [label="mse = 0.0\nsamples = 3050\nvalue = 0.007", fillcolor="#e5813901"] ;
6 -> 7 ;
8 [label="mse = 0.0\nsamples = 1306\nvalue = 0.001", fillcolor="#e5813900"] ;
6 -> 8 ;
9 [label="Day <= 3.5\nmse = 0.002\nsamples = 892\nvalue = 0.103", fillcolor="#e581391a"] ;
1 -> 9 ;
10 [label="BackupStart <= 1.5\nmse = 0.003\nsamples = 435\nvalue = 0.124", fillcolor="#e581391f"] ;
9 -> 10 ;
11 [label="mse = 0.003\nsamples = 203\nvalue = 0.133", fillcolor="#e5813922"] ;
10 -> 11 ;
12 [label="mse = 0.002\nsamples = 232\nvalue = 0.117", fillcolor="#e581391e"] ;
10 -> 12 ;
13 [label="BackupStart <= 1.5\nmse = 0.0\nsamples = 457\nvalue = 0.082", fillcolor="#e5813915"] ;
9 -> 13 ;
14 [label="mse = 0.0\nsamples = 159\nvalue = 0.071", fillcolor="#e5813912"] ;
13 -> 14 ;
15 [label="mse = 0.0\nsamples = 298\nvalue = 0.088", fillcolor="#e5813916"] ;
13 -> 15 ;
16 [label="BackUpHours <= 3.5\nmse = 0.029\nsamples = 1704\nvalue = 0.175", fillcolor="#e581392c"] ;
0 -> 16 [labeldistance=2.5, labelangle=-45, headlabel="False"] ;
17 [label="Day <= 0.5\nmse = 0.011\nsamples = 1570\nvalue = 0.153", fillcolor="#e5813927"] ;
16 -> 17 ;
18 [label="BackUpHours <= 2.5\nmse = 0.001\nsamples = 547\nvalue = 0.099", fillcolor="#e5813919"] ;
17 -> 18 ;
19 [label="mse = 0.0\nsamples = 335\nvalue = 0.075", fillcolor="#e5813913"] ;
18 -> 19 ;
20 [label="mse = 0.0\nsamples = 212\nvalue = 0.136", fillcolor="#e5813923"] ;
18 -> 20 ;
21 [label="Day <= 3.5\nmse = 0.014\nsamples = 1023\nvalue = 0.181", fillcolor="#e581392e"] ;
17 -> 21 ;
22 [label="mse = 0.016\nsamples = 421\nvalue = 0.271", fillcolor="#e5813945"] ;
21 -> 22 ;
23 [label="mse = 0.003\nsamples = 602\nvalue = 0.119", fillcolor="#e581391e"] ;
21 -> 23 ;
24 [label="Day <= 3.0\nmse = 0.158\nsamples = 134\nvalue = 0.421", fillcolor="#e581396b"] ;
16 -> 24 ;
25 [label="Day <= 0.5\nmse = 0.141\nsamples = 61\nvalue = 0.75", fillcolor="#e58139bf"] ;
24 -> 25 ;
26 [label="mse = 0.0\nsamples = 20\nvalue = 0.186", fillcolor="#e581392f"] ;
25 -> 26 ;
27 [label="mse = 0.0\nsamples = 41\nvalue = 1.0", fillcolor="#e58139ff"] ;
25 -> 27 ;
28 [label="BackupStart <= 1.5\nmse = 0.0\nsamples = 73\nvalue = 0.139", fillcolor="#e5813923"] ;
24 -> 28 ;
29 [label="mse = 0.0\nsamples = 37\nvalue = 0.121", fillcolor="#e581391f"] ;
28 -> 29 ;
30 [label="mse = 0.0\nsamples = 36\nvalue = 0.16", fillcolor="#e5813929"] ;
28 -> 30 ;
}